Aug 20, 2025 11:08:27 PM com.google.cloud.datastore.emulator.firestore.websocket.WebSocketServer start
INFO: Started WebSocket server on ws://127.0.0.1:9150
API endpoint: http://127.0.0.1:8080
If you are using a library that supports the FIRESTORE_EMULATOR_HOST environment variable, run:

   export FIRESTORE_EMULATOR_HOST=127.0.0.1:8080

If you are running a Firestore in Datastore Mode project, run:

   export DATASTORE_EMULATOR_HOST=127.0.0.1:8080

Note: Support for Datastore Mode is in preview. If you encounter any bugs please file at https://github.com/firebase/firebase-tools/issues.
Dev App Server is now running.

Aug 20, 2025 11:08:32 PM io.gapi.emulators.netty.HttpVersionRoutingHandler channelRead
INFO: Detected non-HTTP/2 connection.
Aug 20, 2025 11:08:32 PM io.gapi.emulators.netty.HttpVersionRoutingHandler channelRead
INFO: Detected HTTP/2 connection.
Aug 20, 2025 11:08:48 PM io.gapi.emulators.netty.HttpVersionRoutingHandler channelRead
INFO: Detected HTTP/2 connection.
Aug 20, 2025 11:08:50 PM io.gapi.emulators.netty.HttpVersionRoutingHandler channelRead
INFO: Detected HTTP/2 connection.
Aug 20, 2025 11:08:50 PM io.gapi.emulators.netty.HttpVersionRoutingHandler channelRead
INFO: Detected HTTP/2 connection.
Aug 20, 2025 11:08:50 PM com.google.cloud.datastore.emulator.impl.events.FunctionsEmulatorEventPublisher sendHttpRequest
WARNING: Unsuccessful HTTP response when publishing event for projects/wispaibiz/triggers/us-central1-default-processTranscriptOnCreate-0: 500 Internal Server Error
POST http://127.0.0.1:5001/functions/projects/wispaibiz/triggers/us-central1-default-processTranscriptOnCreate-0
Cannot read properties of undefined (reading 'increment')
Aug 20, 2025 11:08:50 PM io.gapi.emulators.netty.HttpVersionRoutingHandler channelRead
INFO: Detected HTTP/2 connection.
Aug 20, 2025 11:08:50 PM com.google.cloud.datastore.emulator.impl.events.FunctionsEmulatorEventPublisher sendHttpRequest
WARNING: Unsuccessful HTTP response when publishing event for projects/wispaibiz/triggers/us-central1-processTranscriptOnCreate-0: 500 Internal Server Error
POST http://127.0.0.1:5001/functions/projects/wispaibiz/triggers/us-central1-processTranscriptOnCreate-0
Cannot read properties of undefined (reading 'increment')
Aug 20, 2025 11:13:36 PM io.gapi.emulators.netty.HttpVersionRoutingHandler channelRead
INFO: Detected HTTP/2 connection.
Aug 20, 2025 11:13:38 PM io.gapi.emulators.netty.HttpVersionRoutingHandler channelRead
INFO: Detected HTTP/2 connection.
Aug 20, 2025 11:13:38 PM com.google.cloud.datastore.emulator.impl.events.FunctionsEmulatorEventPublisher sendHttpRequest
WARNING: Unsuccessful HTTP response when publishing event for projects/wispaibiz/triggers/us-central1-default-processTranscriptOnCreate-0: 500 Internal Server Error
POST http://127.0.0.1:5001/functions/projects/wispaibiz/triggers/us-central1-default-processTranscriptOnCreate-0
{"code":"ECONNRESET"}
Aug 20, 2025 11:13:38 PM io.gapi.emulators.netty.HttpVersionRoutingHandler channelRead
INFO: Detected HTTP/2 connection.
Aug 20, 2025 11:13:38 PM com.google.cloud.datastore.emulator.impl.events.FunctionsEmulatorEventPublisher sendHttpRequest
WARNING: Unsuccessful HTTP response when publishing event for projects/wispaibiz/triggers/us-central1-processTranscriptOnCreate-0: 500 Internal Server Error
POST http://127.0.0.1:5001/functions/projects/wispaibiz/triggers/us-central1-processTranscriptOnCreate-0
Cannot read properties of undefined (reading 'increment')
Aug 20, 2025 11:59:39 PM io.gapi.emulators.netty.HttpVersionRoutingHandler channelRead
INFO: Detected HTTP/2 connection.
Aug 20, 2025 11:59:41 PM io.gapi.emulators.netty.HttpVersionRoutingHandler channelRead
INFO: Detected HTTP/2 connection.
Aug 20, 2025 11:59:41 PM com.google.cloud.datastore.emulator.impl.events.FunctionsEmulatorEventPublisher sendHttpRequest
WARNING: Unsuccessful HTTP response when publishing event for projects/wispaibiz/triggers/us-central1-default-processTranscriptOnCreate-0: 500 Internal Server Error
POST http://127.0.0.1:5001/functions/projects/wispaibiz/triggers/us-central1-default-processTranscriptOnCreate-0
Cannot read properties of undefined (reading 'increment')
Aug 20, 2025 11:59:42 PM io.gapi.emulators.netty.HttpVersionRoutingHandler channelRead
INFO: Detected HTTP/2 connection.
Aug 20, 2025 11:59:42 PM com.google.cloud.datastore.emulator.impl.events.FunctionsEmulatorEventPublisher sendHttpRequest
WARNING: Unsuccessful HTTP response when publishing event for projects/wispaibiz/triggers/us-central1-processTranscriptOnCreate-0: 500 Internal Server Error
POST http://127.0.0.1:5001/functions/projects/wispaibiz/triggers/us-central1-processTranscriptOnCreate-0
Cannot read properties of undefined (reading 'increment')
*** shutting down gRPC server since JVM is shutting down
*** server shut down
